<?xml version="1.0" encoding="UTF-8"?>
<!-- Generated by org.testng.reporters.JUnitXMLReporter -->
<testsuite ignored="0" hostname="DESKTOP-0K6A00Q" failures="0" tests="3" name="Default test" time="0.075" errors="0" timestamp="2022-07-27T14:45:05 IST">
  <testcase classname="TESTNG.testNG_priority" name="a" time="0.013"/>
  <testcase classname="TESTNG.testNG_priority" name="c" time="0.002"/>
  <testcase classname="TESTNG.testNG_priority" name="d" time="0.002"/>
</testsuite> <!-- Default test -->
