<?xml version="1.0" encoding="UTF-8"?>
<testng-results ignored="0" total="3" passed="3" failed="0" skipped="0">
  <reporter-output>
  </reporter-output>
  <suite started-at="2022-07-27T14:45:04 IST" name="Default suite" finished-at="2022-07-27T14:45:05 IST" duration-ms="75">
    <groups>
    </groups>
    <test started-at="2022-07-27T14:45:04 IST" name="Default test" finished-at="2022-07-27T14:45:05 IST" duration-ms="75">
      <class name="TESTNG.testNG_priority">
        <test-method signature="a()[pri:-1, instance:TESTNG.testNG_priority@3d680b5a]" started-at="2022-07-27T14:45:05 IST" name="a" finished-at="2022-07-27T14:45:05 IST" duration-ms="13" status="PASS">
          <reporter-output>
          </reporter-output>
        </test-method> <!-- a -->
        <test-method signature="c()[pri:-1, instance:TESTNG.testNG_priority@3d680b5a]" started-at="2022-07-27T14:45:05 IST" name="c" finished-at="2022-07-27T14:45:05 IST" duration-ms="2" status="PASS">
          <reporter-output>
          </reporter-output>
        </test-method> <!-- c -->
        <test-method signature="d()[pri:-1, instance:TESTNG.testNG_priority@3d680b5a]" started-at="2022-07-27T14:45:05 IST" name="d" finished-at="2022-07-27T14:45:05 IST" depends-on-methods="TESTNG.testNG_priority.c" duration-ms="2" status="PASS">
          <reporter-output>
          </reporter-output>
        </test-method> <!-- d -->
      </class> <!-- TESTNG.testNG_priority -->
    </test> <!-- Default test -->
  </suite> <!-- Default suite -->
</testng-results>
